[2012-12-09 11:13:43] request.ERROR: Symfony\Component\HttpKernel\Exception\NotFoundHttpException: No route found for "GET /myscript.js" (uncaught exception) at /home/ofer/Symfony/vendor/symfony/symfony/src/Symfony/Component/HttpKernel/EventListener/RouterListener.php line 92 [] []
[2012-12-26 10:58:27] request.ERROR: Symfony\Component\HttpKernel\Exception\NotFoundHttpException: No route found for "GET /" (uncaught exception) at /home/ofer/Symfony/vendor/symfony/symfony/src/Symfony/Component/HttpKernel/EventListener/RouterListener.php line 92 [] []
[2012-12-26 10:58:36] request.ERROR: Symfony\Component\HttpKernel\Exception\NotFoundHttpException: No route found for "GET /" (uncaught exception) at /home/ofer/Symfony/app/cache/prod/classes.php line 5078 [] []
[2012-12-26 10:58:38] request.ERROR: Symfony\Component\HttpKernel\Exception\NotFoundHttpException: No route found for "GET /" (uncaught exception) at /home/ofer/Symfony/app/cache/prod/classes.php line 5078 [] []
[2013-01-02 15:52:41] request.ERROR: Symfony\Component\HttpKernel\Exception\NotFoundHttpException: No route found for "GET /" (uncaught exception) at /home/ofer/Symfony/app/cache/prod/classes.php line 5078 [] []
[2013-01-02 15:52:59] request.ERROR: Symfony\Component\HttpKernel\Exception\NotFoundHttpException: No route found for "HEAD /test/origin.html" (uncaught exception) at /home/ofer/Symfony/app/cache/prod/classes.php line 5078 [] []
[2013-01-02 15:53:09] request.ERROR: Symfony\Component\HttpKernel\Exception\NotFoundHttpException: No route found for "GET /test/origin.html" (uncaught exception) at /home/ofer/Symfony/app/cache/prod/classes.php line 5078 [] []
[2013-01-02 15:53:24] request.ERROR: Symfony\Component\HttpKernel\Exception\NotFoundHttpException: No route found for "HEAD /test/forms.html" (uncaught exception) at /home/ofer/Symfony/app/cache/prod/classes.php line 5078 [] []
[2013-01-02 15:53:33] request.ERROR: Symfony\Component\HttpKernel\Exception\NotFoundHttpException: No route found for "HEAD /test/forms.html" (uncaught exception) at /home/ofer/Symfony/app/cache/prod/classes.php line 5078 [] []
[2013-01-02 15:53:43] request.ERROR: Symfony\Component\HttpKernel\Exception\NotFoundHttpException: No route found for "GET /test/forms.html" (uncaught exception) at /home/ofer/Symfony/app/cache/prod/classes.php line 5078 [] []
[2013-01-02 15:55:47] request.ERROR: Symfony\Component\HttpKernel\Exception\NotFoundHttpException: No route found for "GET /" (uncaught exception) at /home/ofer/Symfony/app/cache/prod/classes.php line 5078 [] []
[2013-01-02 15:55:49] request.ERROR: Symfony\Component\HttpKernel\Exception\NotFoundHttpException: No route found for "GET /" (uncaught exception) at /home/ofer/Symfony/app/cache/prod/classes.php line 5078 [] []
[2013-01-02 15:56:34] request.ERROR: Symfony\Component\HttpKernel\Exception\NotFoundHttpException: No route found for "HEAD /tests/forms.html" (uncaught exception) at /home/ofer/Symfony/app/cache/prod/classes.php line 5078 [] []
[2013-01-02 15:56:43] request.ERROR: Symfony\Component\HttpKernel\Exception\NotFoundHttpException: No route found for "GET /tests/forms.html" (uncaught exception) at /home/ofer/Symfony/app/cache/prod/classes.php line 5078 [] []
[2013-01-06 18:23:53] request.ERROR: Symfony\Component\HttpKernel\Exception\NotFoundHttpException: No route found for "GET /" (uncaught exception) at /home/ofer/Symfony/app/cache/prod/classes.php line 5078 [] []
[2013-01-06 18:24:14] request.ERROR: Symfony\Component\HttpKernel\Exception\NotFoundHttpException: No route found for "GET /" (uncaught exception) at /home/ofer/Symfony/app/cache/prod/classes.php line 5078 [] []
[2013-01-06 18:27:39] request.ERROR: Symfony\Component\HttpKernel\Exception\NotFoundHttpException: No route found for "GET /" (uncaught exception) at /home/ofer/Symfony/app/cache/prod/classes.php line 5078 [] []
[2013-01-07 15:36:50] request.ERROR: Symfony\Component\HttpKernel\Exception\NotFoundHttpException: No route found for "GET /" (uncaught exception) at /home/ofer/Symfony/app/cache/prod/classes.php line 5078 [] []
[2013-01-07 15:45:10] request.ERROR: Symfony\Component\HttpKernel\Exception\NotFoundHttpException: No route found for "GET /" (uncaught exception) at /home/ofer/Symfony/app/cache/prod/classes.php line 5078 [] []
[2013-01-10 11:59:19] request.ERROR: Symfony\Component\HttpKernel\Exception\NotFoundHttpException: No route found for "GET /about" (uncaught exception) at /home/ofer/Symfony/app/cache/prod/classes.php line 5078 [] []
[2013-01-10 11:59:24] request.ERROR: Symfony\Component\HttpKernel\Exception\NotFoundHttpException: No route found for "GET /" (uncaught exception) at /home/ofer/Symfony/app/cache/prod/classes.php line 5078 [] []
[2013-01-10 11:59:32] request.ERROR: Symfony\Component\HttpKernel\Exception\NotFoundHttpException: No route found for "GET /" (uncaught exception) at /home/ofer/Symfony/app/cache/prod/classes.php line 5078 [] []
[2013-01-10 17:33:40] request.ERROR: Symfony\Component\HttpKernel\Exception\NotFoundHttpException: No route found for "GET /" (uncaught exception) at /home/ofer/Symfony/app/cache/prod/classes.php line 5078 [] []
[2013-01-10 17:34:54] request.ERROR: Symfony\Component\HttpKernel\Exception\NotFoundHttpException: No route found for "GET /" (uncaught exception) at /home/ofer/Symfony/app/cache/prod/classes.php line 5078 [] []
[2013-01-10 17:35:22] request.ERROR: Symfony\Component\HttpKernel\Exception\NotFoundHttpException: No route found for "GET /" (uncaught exception) at /home/ofer/Symfony/app/cache/prod/classes.php line 5078 [] []
[2013-01-10 17:35:24] request.ERROR: Symfony\Component\HttpKernel\Exception\NotFoundHttpException: No route found for "GET /" (uncaught exception) at /home/ofer/Symfony/app/cache/prod/classes.php line 5078 [] []
[2013-01-10 17:35:24] request.ERROR: Symfony\Component\HttpKernel\Exception\NotFoundHttpException: No route found for "GET /" (uncaught exception) at /home/ofer/Symfony/app/cache/prod/classes.php line 5078 [] []
[2013-01-10 17:35:25] request.ERROR: Symfony\Component\HttpKernel\Exception\NotFoundHttpException: No route found for "GET /" (uncaught exception) at /home/ofer/Symfony/app/cache/prod/classes.php line 5078 [] []
[2013-01-10 17:35:25] request.ERROR: Symfony\Component\HttpKernel\Exception\NotFoundHttpException: No route found for "GET /" (uncaught exception) at /home/ofer/Symfony/app/cache/prod/classes.php line 5078 [] []
[2013-01-10 17:35:35] request.ERROR: Symfony\Component\HttpKernel\Exception\NotFoundHttpException: No route found for "GET /localhost/" (uncaught exception) at /home/ofer/Symfony/app/cache/prod/classes.php line 5078 [] []
[2013-01-10 17:35:37] request.ERROR: Symfony\Component\HttpKernel\Exception\NotFoundHttpException: No route found for "GET /localhost/" (uncaught exception) at /home/ofer/Symfony/app/cache/prod/classes.php line 5078 [] []
[2013-01-10 17:35:37] request.ERROR: Symfony\Component\HttpKernel\Exception\NotFoundHttpException: No route found for "GET /localhost/" (uncaught exception) at /home/ofer/Symfony/app/cache/prod/classes.php line 5078 [] []
[2013-01-10 17:35:37] request.ERROR: Symfony\Component\HttpKernel\Exception\NotFoundHttpException: No route found for "GET /localhost/" (uncaught exception) at /home/ofer/Symfony/app/cache/prod/classes.php line 5078 [] []
[2013-01-10 17:35:38] request.ERROR: Symfony\Component\HttpKernel\Exception\NotFoundHttpException: No route found for "GET /localhost/" (uncaught exception) at /home/ofer/Symfony/app/cache/prod/classes.php line 5078 [] []
[2013-01-10 17:35:40] request.ERROR: Symfony\Component\HttpKernel\Exception\NotFoundHttpException: No route found for "GET /localhost/" (uncaught exception) at /home/ofer/Symfony/app/cache/prod/classes.php line 5078 [] []
[2013-01-10 17:35:41] request.ERROR: Symfony\Component\HttpKernel\Exception\NotFoundHttpException: No route found for "GET /localhost/" (uncaught exception) at /home/ofer/Symfony/app/cache/prod/classes.php line 5078 [] []
[2013-01-10 17:35:41] request.ERROR: Symfony\Component\HttpKernel\Exception\NotFoundHttpException: No route found for "GET /localhost/" (uncaught exception) at /home/ofer/Symfony/app/cache/prod/classes.php line 5078 [] []
[2013-01-10 17:35:46] request.ERROR: Symfony\Component\HttpKernel\Exception\NotFoundHttpException: No route found for "GET /localhost/index.html" (uncaught exception) at /home/ofer/Symfony/app/cache/prod/classes.php line 5078 [] []
[2013-01-10 17:36:37] request.ERROR: Symfony\Component\HttpKernel\Exception\NotFoundHttpException: No route found for "GET /" (uncaught exception) at /home/ofer/Symfony/app/cache/prod/classes.php line 5078 [] []
[2013-01-10 17:36:47] request.ERROR: Symfony\Component\HttpKernel\Exception\NotFoundHttpException: No route found for "GET /index.html" (uncaught exception) at /home/ofer/Symfony/app/cache/prod/classes.php line 5078 [] []
[2013-01-10 17:36:49] request.ERROR: Symfony\Component\HttpKernel\Exception\NotFoundHttpException: No route found for "GET /index.html" (uncaught exception) at /home/ofer/Symfony/app/cache/prod/classes.php line 5078 [] []
[2013-01-10 17:39:30] request.ERROR: Symfony\Component\HttpKernel\Exception\NotFoundHttpException: No route found for "GET /index.html" (uncaught exception) at /home/ofer/Symfony/app/cache/prod/classes.php line 5078 [] []
[2013-01-10 17:39:32] request.ERROR: Symfony\Component\HttpKernel\Exception\NotFoundHttpException: No route found for "GET /index.html" (uncaught exception) at /home/ofer/Symfony/app/cache/prod/classes.php line 5078 [] []
[2013-01-10 17:39:38] request.ERROR: Symfony\Component\HttpKernel\Exception\NotFoundHttpException: No route found for "GET /index.html" (uncaught exception) at /home/ofer/Symfony/app/cache/prod/classes.php line 5078 [] []
[2013-01-10 17:39:39] request.ERROR: Symfony\Component\HttpKernel\Exception\NotFoundHttpException: No route found for "GET /index.html" (uncaught exception) at /home/ofer/Symfony/app/cache/prod/classes.php line 5078 [] []
[2013-01-10 17:39:39] request.ERROR: Symfony\Component\HttpKernel\Exception\NotFoundHttpException: No route found for "GET /index.html" (uncaught exception) at /home/ofer/Symfony/app/cache/prod/classes.php line 5078 [] []
[2013-01-10 17:40:15] request.ERROR: Symfony\Component\HttpKernel\Exception\NotFoundHttpException: No route found for "GET /index.html" (uncaught exception) at /home/ofer/Symfony/app/cache/prod/classes.php line 5078 [] []
